app/build/intermediates/manifest_merge_blame_file/debug/manifest-merger-blame-debug-report.txt
1<?xml version="1.0" encoding="utf-8"?>
2<manifest xmlns:android="http://schemas.android.com/apk/res/android"
3    package="my.gamekarimbull_cow.pharmacie"
4    android:versionCode="1"
5    android:versionName="1.0" >
6
7    <uses-sdk
8        android:minSdkVersion="19"
8-->src\main\AndroidManifest.xml
9        android:targetSdkVersion="31" />
9-->src\main\AndroidManifest.xml
10
11    <uses-permission android:name="android.permission.ACCESS_NETWORK_STATE" />
11-->[com.firebaseui:firebase-ui-auth:7.2.0] AndroidManifest.xml:12:5-79
11-->[com.firebaseui:firebase-ui-auth:7.2.0] AndroidManifest.xml:12:22-76
12    <uses-permission android:name="android.permission.INTERNET" />
12-->[com.firebaseui:firebase-ui-auth:7.2.0] AndroidManifest.xml:13:5-67
12-->[com.firebaseui:firebase-ui-auth:7.2.0] AndroidManifest.xml:13:22-64
13    <uses-permission android:name="android.permission.WAKE_LOCK" />
13-->[com.google.android.gms:play-services-measurement-api:20.1.0] AndroidManifest.xml:24:5-68
13-->[com.google.android.gms:play-services-measurement-api:20.1.0] AndroidManifest.xml:24:22-65
14    <uses-permission android:name="com.google.android.finsky.permission.BIND_GET_INSTALL_REFERRER_SERVICE" /> <!-- Include required permissions for Advertising Id -->
14-->[com.google.android.gms:play-services-measurement:20.1.0] AndroidManifest.xml:26:5-110
14-->[com.google.android.gms:play-services-measurement:20.1.0] AndroidManifest.xml:26:22-107
15    <uses-permission android:name="com.google.android.gms.permission.AD_ID" />
15-->[com.google.android.gms:play-services-ads-identifier:18.0.0] AndroidManifest.xml:23:5-79
15-->[com.google.android.gms:play-services-ads-identifier:18.0.0] AndroidManifest.xml:23:22-76
16
17    <application
17-->src\main\AndroidManifest.xml:5:5-30:19
18        android:name="androidx.multidex.MultiDexApplication"
19        android:allowBackup="true"
19-->src\main\AndroidManifest.xml:6:9-35
20        android:appComponentFactory="androidx.core.app.CoreComponentFactory"
20-->[androidx.core:core:1.7.0] AndroidManifest.xml:24:18-86
21        android:debuggable="true"
22        android:icon="@drawable/logo"
22-->src\main\AndroidManifest.xml:7:9-38
23        android:label="@string/app_name"
23-->src\main\AndroidManifest.xml:8:9-41
24        android:roundIcon="@mipmap/ic_launcher_round"
24-->src\main\AndroidManifest.xml:9:9-54
25        android:supportsRtl="true"
25-->src\main\AndroidManifest.xml:10:9-35
26        android:theme="@style/Theme.Pharmacie" >
26-->src\main\AndroidManifest.xml:11:9-47
27        <activity android:name="my.gamekarimbull_cow.pharmacie.LivreurActivity" />
27-->src\main\AndroidManifest.xml:12:9-62
27-->src\main\AndroidManifest.xml:12:19-50
28        <activity android:name="my.gamekarimbull_cow.pharmacie.commande_detail_Activity" />
28-->src\main\AndroidManifest.xml:13:9-62
28-->src\main\AndroidManifest.xml:13:19-59
29        <activity android:name="my.gamekarimbull_cow.pharmacie.Modifier_Profile_Activity" />
29-->src\main\AndroidManifest.xml:14:9-63
29-->src\main\AndroidManifest.xml:14:19-60
30        <activity android:name="my.gamekarimbull_cow.pharmacie.PannerActivity" />
30-->src\main\AndroidManifest.xml:15:9-52
30-->src\main\AndroidManifest.xml:15:19-49
31        <activity
31-->src\main\AndroidManifest.xml:16:9-24:20
32            android:name="my.gamekarimbull_cow.pharmacie.MainActivity"
32-->src\main\AndroidManifest.xml:17:13-41
33            android:exported="true" >
33-->src\main\AndroidManifest.xml:18:13-36
34            <intent-filter>
34-->src\main\AndroidManifest.xml:19:13-23:29
35                <action android:name="android.intent.action.MAIN" />
35-->src\main\AndroidManifest.xml:20:17-69
35-->src\main\AndroidManifest.xml:20:25-66
36
37                <category android:name="android.intent.category.LAUNCHER" />
37-->src\main\AndroidManifest.xml:22:17-77
37-->src\main\AndroidManifest.xml:22:27-74
38            </intent-filter>
39        </activity>
40        <activity android:name="my.gamekarimbull_cow.pharmacie.Account.SignUpActivity" />
40-->src\main\AndroidManifest.xml:25:9-60
40-->src\main\AndroidManifest.xml:25:19-57
41        <activity android:name="my.gamekarimbull_cow.pharmacie.Account.LoginActivity" />
41-->src\main\AndroidManifest.xml:26:9-59
41-->src\main\AndroidManifest.xml:26:19-56
42        <activity
42-->src\main\AndroidManifest.xml:27:9-29:39
43            android:name="my.gamekarimbull_cow.pharmacie.HomeActivity"
43-->src\main\AndroidManifest.xml:28:13-41
44            android:exported="true" />
44-->src\main\AndroidManifest.xml:29:13-36
45
46        <meta-data
46-->[com.firebaseui:firebase-ui-auth:7.2.0] AndroidManifest.xml:16:9-18:69
47            android:name="com.google.android.gms.version"
47-->[com.firebaseui:firebase-ui-auth:7.2.0] AndroidManifest.xml:17:13-58
48            android:value="@integer/google_play_services_version" />
48-->[com.firebaseui:firebase-ui-auth:7.2.0] AndroidManifest.xml:18:13-66
49        <meta-data
49-->[com.firebaseui:firebase-ui-auth:7.2.0] AndroidManifest.xml:19:9-21:63
50            android:name="com.facebook.sdk.ApplicationId"
50-->[com.firebaseui:firebase-ui-auth:7.2.0] AndroidManifest.xml:20:13-58
51            android:value="@string/facebook_application_id" />
51-->[com.firebaseui:firebase-ui-auth:7.2.0] AndroidManifest.xml:21:13-60
52
53        <activity
53-->[com.firebaseui:firebase-ui-auth:7.2.0] AndroidManifest.xml:23:9-27:61
54            android:name="com.firebase.ui.auth.KickoffActivity"
54-->[com.firebaseui:firebase-ui-auth:7.2.0] AndroidManifest.xml:24:13-64
55            android:exported="false"
55-->[com.firebaseui:firebase-ui-auth:7.2.0] AndroidManifest.xml:25:13-37
56            android:label=""
56-->[com.firebaseui:firebase-ui-auth:7.2.0] AndroidManifest.xml:26:13-29
57            android:theme="@style/FirebaseUI.Transparent" />
57-->[com.firebaseui:firebase-ui-auth:7.2.0] AndroidManifest.xml:27:13-58
58        <activity
58-->[com.firebaseui:firebase-ui-auth:7.2.0] AndroidManifest.xml:28:9-32:61
59            android:name="com.firebase.ui.auth.ui.idp.SingleSignInActivity"
59-->[com.firebaseui:firebase-ui-auth:7.2.0] AndroidManifest.xml:29:13-76
60            android:exported="false"
60-->[com.firebaseui:firebase-ui-auth:7.2.0] AndroidManifest.xml:30:13-37
61            android:label=""
61-->[com.firebaseui:firebase-ui-auth:7.2.0] AndroidManifest.xml:31:13-29
62            android:theme="@style/FirebaseUI.Transparent" />
62-->[com.firebaseui:firebase-ui-auth:7.2.0] AndroidManifest.xml:32:13-58
63        <activity
63-->[com.firebaseui:firebase-ui-auth:7.2.0] AndroidManifest.xml:33:9-37:61
64            android:name="com.firebase.ui.auth.ui.credentials.CredentialSaveActivity"
64-->[com.firebaseui:firebase-ui-auth:7.2.0] AndroidManifest.xml:34:13-86
65            android:exported="false"
65-->[com.firebaseui:firebase-ui-auth:7.2.0] AndroidManifest.xml:35:13-37
66            android:label=""
66-->[com.firebaseui:firebase-ui-auth:7.2.0] AndroidManifest.xml:36:13-29
67            android:theme="@style/FirebaseUI.Transparent" />
67-->[com.firebaseui:firebase-ui-auth:7.2.0] AndroidManifest.xml:37:13-58
68        <activity
68-->[com.firebaseui:firebase-ui-auth:7.2.0] AndroidManifest.xml:38:9-42:58
69            android:name="com.firebase.ui.auth.ui.email.RecoverPasswordActivity"
69-->[com.firebaseui:firebase-ui-auth:7.2.0] AndroidManifest.xml:39:13-81
70            android:exported="false"
70-->[com.firebaseui:firebase-ui-auth:7.2.0] AndroidManifest.xml:40:13-37
71            android:label="@string/fui_title_recover_password_activity"
71-->[com.firebaseui:firebase-ui-auth:7.2.0] AndroidManifest.xml:41:13-72
72            android:windowSoftInputMode="adjustResize" />
72-->[com.firebaseui:firebase-ui-auth:7.2.0] AndroidManifest.xml:42:13-55
73        <activity
73-->[com.firebaseui:firebase-ui-auth:7.2.0] AndroidManifest.xml:43:9-47:58
74            android:name="com.firebase.ui.auth.ui.email.EmailActivity"
74-->[com.firebaseui:firebase-ui-auth:7.2.0] AndroidManifest.xml:44:13-71
75            android:exported="false"
75-->[com.firebaseui:firebase-ui-auth:7.2.0] AndroidManifest.xml:45:13-37
76            android:label="@string/fui_sign_in_default"
76-->[com.firebaseui:firebase-ui-auth:7.2.0] AndroidManifest.xml:46:13-56
77            android:windowSoftInputMode="adjustResize" />
77-->[com.firebaseui:firebase-ui-auth:7.2.0] AndroidManifest.xml:47:13-55
78        <activity
78-->[com.firebaseui:firebase-ui-auth:7.2.0] AndroidManifest.xml:48:9-52:77
79            android:name="com.firebase.ui.auth.ui.phone.PhoneActivity"
79-->[com.firebaseui:firebase-ui-auth:7.2.0] AndroidManifest.xml:49:13-71
80            android:exported="false"
80-->[com.firebaseui:firebase-ui-auth:7.2.0] AndroidManifest.xml:50:13-37
81            android:label="@string/fui_sign_in_with_phone_number"
81-->[com.firebaseui:firebase-ui-auth:7.2.0] AndroidManifest.xml:51:13-66
82            android:windowSoftInputMode="adjustResize|stateAlwaysVisible" />
82-->[com.firebaseui:firebase-ui-auth:7.2.0] AndroidManifest.xml:52:13-74
83        <activity
83-->[com.firebaseui:firebase-ui-auth:7.2.0] AndroidManifest.xml:53:9-57:58
84            android:name="com.firebase.ui.auth.ui.idp.WelcomeBackIdpPrompt"
84-->[com.firebaseui:firebase-ui-auth:7.2.0] AndroidManifest.xml:54:13-76
85            android:exported="false"
85-->[com.firebaseui:firebase-ui-auth:7.2.0] AndroidManifest.xml:55:13-37
86            android:label="@string/fui_title_welcome_back_idp_prompt"
86-->[com.firebaseui:firebase-ui-auth:7.2.0] AndroidManifest.xml:56:13-70
87            android:windowSoftInputMode="adjustResize" />
87-->[com.firebaseui:firebase-ui-auth:7.2.0] AndroidManifest.xml:57:13-55
88        <activity
88-->[com.firebaseui:firebase-ui-auth:7.2.0] AndroidManifest.xml:58:9-62:58
89            android:name="com.firebase.ui.auth.ui.email.WelcomeBackPasswordPrompt"
89-->[com.firebaseui:firebase-ui-auth:7.2.0] AndroidManifest.xml:59:13-83
90            android:exported="false"
90-->[com.firebaseui:firebase-ui-auth:7.2.0] AndroidManifest.xml:60:13-37
91            android:label="@string/fui_title_welcome_back_password_prompt"
91-->[com.firebaseui:firebase-ui-auth:7.2.0] AndroidManifest.xml:61:13-75
92            android:windowSoftInputMode="adjustResize" />
92-->[com.firebaseui:firebase-ui-auth:7.2.0] AndroidManifest.xml:62:13-55
93        <activity
93-->[com.firebaseui:firebase-ui-auth:7.2.0] AndroidManifest.xml:63:9-67:58
94            android:name="com.firebase.ui.auth.ui.email.WelcomeBackEmailLinkPrompt"
94-->[com.firebaseui:firebase-ui-auth:7.2.0] AndroidManifest.xml:64:13-84
95            android:exported="false"
95-->[com.firebaseui:firebase-ui-auth:7.2.0] AndroidManifest.xml:65:13-37
96            android:label="@string/fui_title_welcome_back_password_prompt"
96-->[com.firebaseui:firebase-ui-auth:7.2.0] AndroidManifest.xml:66:13-75
97            android:windowSoftInputMode="adjustResize" />
97-->[com.firebaseui:firebase-ui-auth:7.2.0] AndroidManifest.xml:67:13-55
98        <activity
98-->[com.firebaseui:firebase-ui-auth:7.2.0] AndroidManifest.xml:68:9-73:58
99            android:name="com.firebase.ui.auth.ui.email.EmailLinkCatcherActivity"
99-->[com.firebaseui:firebase-ui-auth:7.2.0] AndroidManifest.xml:69:13-82
100            android:exported="false"
100-->[com.firebaseui:firebase-ui-auth:7.2.0] AndroidManifest.xml:70:13-37
101            android:label=""
101-->[com.firebaseui:firebase-ui-auth:7.2.0] AndroidManifest.xml:71:13-29
102            android:theme="@style/FirebaseUI.Transparent"
102-->[com.firebaseui:firebase-ui-auth:7.2.0] AndroidManifest.xml:72:13-58
103            android:windowSoftInputMode="adjustResize" />
103-->[com.firebaseui:firebase-ui-auth:7.2.0] AndroidManifest.xml:73:13-55
104        <activity
104-->[com.firebaseui:firebase-ui-auth:7.2.0] AndroidManifest.xml:74:9-78:58
105            android:name="com.firebase.ui.auth.ui.email.EmailLinkErrorRecoveryActivity"
105-->[com.firebaseui:firebase-ui-auth:7.2.0] AndroidManifest.xml:75:13-88
106            android:exported="false"
106-->[com.firebaseui:firebase-ui-auth:7.2.0] AndroidManifest.xml:76:13-37
107            android:label="@string/fui_sign_in_default"
107-->[com.firebaseui:firebase-ui-auth:7.2.0] AndroidManifest.xml:77:13-56
108            android:windowSoftInputMode="adjustResize" />
108-->[com.firebaseui:firebase-ui-auth:7.2.0] AndroidManifest.xml:78:13-55
109        <activity
109-->[com.firebaseui:firebase-ui-auth:7.2.0] AndroidManifest.xml:79:9-82:65
110            android:name="com.firebase.ui.auth.ui.idp.AuthMethodPickerActivity"
110-->[com.firebaseui:firebase-ui-auth:7.2.0] AndroidManifest.xml:80:13-80
111            android:exported="false"
111-->[com.firebaseui:firebase-ui-auth:7.2.0] AndroidManifest.xml:81:13-37
112            android:label="@string/fui_default_toolbar_title" />
112-->[com.firebaseui:firebase-ui-auth:7.2.0] AndroidManifest.xml:82:13-62
113        <activity
113-->[com.firebaseui:firebase-ui-auth:7.2.0] AndroidManifest.xml:83:9-87:48
114            android:name="com.facebook.FacebookActivity"
114-->[com.firebaseui:firebase-ui-auth:7.2.0] AndroidManifest.xml:84:13-57
115            android:configChanges="keyboard|keyboardHidden|screenLayout|screenSize|orientation"
115-->[com.firebaseui:firebase-ui-auth:7.2.0] AndroidManifest.xml:85:13-96
116            android:label="@string/app_name" />
116-->[com.firebaseui:firebase-ui-auth:7.2.0] AndroidManifest.xml:86:13-45
117        <activity
117-->[com.firebaseui:firebase-ui-auth:7.2.0] AndroidManifest.xml:88:9-100:20
118            android:name="com.facebook.CustomTabActivity"
118-->[com.firebaseui:firebase-ui-auth:7.2.0] AndroidManifest.xml:89:13-58
119            android:exported="true" >
119-->[com.firebaseui:firebase-ui-auth:7.2.0] AndroidManifest.xml:90:13-36
120            <intent-filter>
120-->[com.firebaseui:firebase-ui-auth:7.2.0] AndroidManifest.xml:92:13-99:29
121                <action android:name="android.intent.action.VIEW" />
121-->[com.firebaseui:firebase-ui-auth:7.2.0] AndroidManifest.xml:93:17-69
121-->[com.firebaseui:firebase-ui-auth:7.2.0] AndroidManifest.xml:93:25-66
122
123                <category android:name="android.intent.category.DEFAULT" />
123-->[com.firebaseui:firebase-ui-auth:7.2.0] AndroidManifest.xml:95:17-76
123-->[com.firebaseui:firebase-ui-auth:7.2.0] AndroidManifest.xml:95:27-73
124                <category android:name="android.intent.category.BROWSABLE" />
124-->[com.firebaseui:firebase-ui-auth:7.2.0] AndroidManifest.xml:96:17-78
124-->[com.firebaseui:firebase-ui-auth:7.2.0] AndroidManifest.xml:96:27-75
125
126                <data android:scheme="@string/facebook_login_protocol_scheme" />
126-->[com.firebaseui:firebase-ui-auth:7.2.0] AndroidManifest.xml:98:17-81
126-->[com.firebaseui:firebase-ui-auth:7.2.0] AndroidManifest.xml:98:23-78
127            </intent-filter>
128        </activity>
129
130        <provider
130-->[com.firebaseui:firebase-ui-auth:7.2.0] AndroidManifest.xml:102:9-106:38
131            android:name="com.firebase.ui.auth.data.client.AuthUiInitProvider"
131-->[com.firebaseui:firebase-ui-auth:7.2.0] AndroidManifest.xml:103:13-79
132            android:authorities="my.gamekarimbull_cow.pharmacie.authuiinitprovider"
132-->[com.firebaseui:firebase-ui-auth:7.2.0] AndroidManifest.xml:104:13-70
133            android:exported="false"
133-->[com.firebaseui:firebase-ui-auth:7.2.0] AndroidManifest.xml:105:13-37
134            android:initOrder="90" />
134-->[com.firebaseui:firebase-ui-auth:7.2.0] AndroidManifest.xml:106:13-35
135
136        <service
136-->[com.google.firebase:firebase-database:20.0.3] AndroidManifest.xml:29:9-35:19
137            android:name="com.google.firebase.components.ComponentDiscoveryService"
137-->[com.google.firebase:firebase-database:20.0.3] AndroidManifest.xml:30:13-84
138            android:directBootAware="true"
138-->[com.google.firebase:firebase-common:20.0.0] AndroidManifest.xml:35:13-43
139            android:exported="false" >
139-->[com.google.firebase:firebase-database:20.0.3] AndroidManifest.xml:31:13-37
140            <meta-data
140-->[com.google.firebase:firebase-database:20.0.3] AndroidManifest.xml:32:13-34:85
141                android:name="com.google.firebase.components:com.google.firebase.database.DatabaseRegistrar"
141-->[com.google.firebase:firebase-database:20.0.3] AndroidManifest.xml:33:17-109
142                android:value="com.google.firebase.components.ComponentRegistrar" />
142-->[com.google.firebase:firebase-database:20.0.3] AndroidManifest.xml:34:17-82
143            <meta-data
143-->[com.google.firebase:firebase-storage:20.0.0] AndroidManifest.xml:33:13-35:85
144                android:name="com.google.firebase.components:com.google.firebase.storage.StorageRegistrar"
144-->[com.google.firebase:firebase-storage:20.0.0] AndroidManifest.xml:34:17-107
145                android:value="com.google.firebase.components.ComponentRegistrar" />
145-->[com.google.firebase:firebase-storage:20.0.0] AndroidManifest.xml:35:17-82
146            <meta-data
146-->[com.google.firebase:firebase-auth:21.0.1] AndroidManifest.xml:77:13-79:85
147                android:name="com.google.firebase.components:com.google.firebase.auth.FirebaseAuthRegistrar"
147-->[com.google.firebase:firebase-auth:21.0.1] AndroidManifest.xml:78:17-109
148                android:value="com.google.firebase.components.ComponentRegistrar" />
148-->[com.google.firebase:firebase-auth:21.0.1] AndroidManifest.xml:79:17-82
149            <meta-data
149-->[com.google.android.gms:play-services-measurement-api:20.1.0] AndroidManifest.xml:30:13-32:85
150                android:name="com.google.firebase.components:com.google.firebase.analytics.connector.internal.AnalyticsConnectorRegistrar"
150-->[com.google.android.gms:play-services-measurement-api:20.1.0] AndroidManifest.xml:31:17-139
151                android:value="com.google.firebase.components.ComponentRegistrar" />
151-->[com.google.android.gms:play-services-measurement-api:20.1.0] AndroidManifest.xml:32:17-82
152            <meta-data
152-->[com.google.firebase:firebase-installations:17.0.0] AndroidManifest.xml:18:13-20:85
153                android:name="com.google.firebase.components:com.google.firebase.installations.FirebaseInstallationsRegistrar"
153-->[com.google.firebase:firebase-installations:17.0.0] AndroidManifest.xml:19:17-127
154                android:value="com.google.firebase.components.ComponentRegistrar" />
154-->[com.google.firebase:firebase-installations:17.0.0] AndroidManifest.xml:20:17-82
155        </service>
156
157        <provider
157-->[com.squareup.picasso:picasso:2.71828] AndroidManifest.xml:8:9-11:40
158            android:name="com.squareup.picasso.PicassoProvider"
158-->[com.squareup.picasso:picasso:2.71828] AndroidManifest.xml:9:13-64
159            android:authorities="my.gamekarimbull_cow.pharmacie.com.squareup.picasso"
159-->[com.squareup.picasso:picasso:2.71828] AndroidManifest.xml:10:13-72
160            android:exported="false" />
160-->[com.squareup.picasso:picasso:2.71828] AndroidManifest.xml:11:13-37
161
162        <activity
162-->[com.google.firebase:firebase-auth:21.0.1] AndroidManifest.xml:27:9-44:20
163            android:name="com.google.firebase.auth.internal.GenericIdpActivity"
163-->[com.google.firebase:firebase-auth:21.0.1] AndroidManifest.xml:28:13-80
164            android:excludeFromRecents="true"
164-->[com.google.firebase:firebase-auth:21.0.1] AndroidManifest.xml:29:13-46
165            android:exported="true"
165-->[com.google.firebase:firebase-auth:21.0.1] AndroidManifest.xml:30:13-36
166            android:launchMode="singleTask"
166-->[com.google.firebase:firebase-auth:21.0.1] AndroidManifest.xml:31:13-44
167            android:theme="@android:style/Theme.Translucent.NoTitleBar" >
167-->[com.google.firebase:firebase-auth:21.0.1] AndroidManifest.xml:32:13-72
168            <intent-filter>
168-->[com.google.firebase:firebase-auth:21.0.1] AndroidManifest.xml:33:13-43:29
169                <action android:name="android.intent.action.VIEW" />
169-->[com.firebaseui:firebase-ui-auth:7.2.0] AndroidManifest.xml:93:17-69
169-->[com.firebaseui:firebase-ui-auth:7.2.0] AndroidManifest.xml:93:25-66
170
171                <category android:name="android.intent.category.DEFAULT" />
171-->[com.firebaseui:firebase-ui-auth:7.2.0] AndroidManifest.xml:95:17-76
171-->[com.firebaseui:firebase-ui-auth:7.2.0] AndroidManifest.xml:95:27-73
172                <category android:name="android.intent.category.BROWSABLE" />
172-->[com.firebaseui:firebase-ui-auth:7.2.0] AndroidManifest.xml:96:17-78
172-->[com.firebaseui:firebase-ui-auth:7.2.0] AndroidManifest.xml:96:27-75
173
174                <data
174-->[com.firebaseui:firebase-ui-auth:7.2.0] AndroidManifest.xml:98:17-81
175                    android:host="firebase.auth"
176                    android:path="/"
177                    android:scheme="genericidp" />
177-->[com.firebaseui:firebase-ui-auth:7.2.0] AndroidManifest.xml:98:23-78
178            </intent-filter>
179        </activity>
180        <activity
180-->[com.google.firebase:firebase-auth:21.0.1] AndroidManifest.xml:45:9-62:20
181            android:name="com.google.firebase.auth.internal.RecaptchaActivity"
181-->[com.google.firebase:firebase-auth:21.0.1] AndroidManifest.xml:46:13-79
182            android:excludeFromRecents="true"
182-->[com.google.firebase:firebase-auth:21.0.1] AndroidManifest.xml:47:13-46
183            android:exported="true"
183-->[com.google.firebase:firebase-auth:21.0.1] AndroidManifest.xml:48:13-36
184            android:launchMode="singleTask"
184-->[com.google.firebase:firebase-auth:21.0.1] AndroidManifest.xml:49:13-44
185            android:theme="@android:style/Theme.Translucent.NoTitleBar" >
185-->[com.google.firebase:firebase-auth:21.0.1] AndroidManifest.xml:50:13-72
186            <intent-filter>
186-->[com.google.firebase:firebase-auth:21.0.1] AndroidManifest.xml:51:13-61:29
187                <action android:name="android.intent.action.VIEW" />
187-->[com.firebaseui:firebase-ui-auth:7.2.0] AndroidManifest.xml:93:17-69
187-->[com.firebaseui:firebase-ui-auth:7.2.0] AndroidManifest.xml:93:25-66
188
189                <category android:name="android.intent.category.DEFAULT" />
189-->[com.firebaseui:firebase-ui-auth:7.2.0] AndroidManifest.xml:95:17-76
189-->[com.firebaseui:firebase-ui-auth:7.2.0] AndroidManifest.xml:95:27-73
190                <category android:name="android.intent.category.BROWSABLE" />
190-->[com.firebaseui:firebase-ui-auth:7.2.0] AndroidManifest.xml:96:17-78
190-->[com.firebaseui:firebase-ui-auth:7.2.0] AndroidManifest.xml:96:27-75
191
192                <data
192-->[com.firebaseui:firebase-ui-auth:7.2.0] AndroidManifest.xml:98:17-81
193                    android:host="firebase.auth"
194                    android:path="/"
195                    android:scheme="recaptcha" />
195-->[com.firebaseui:firebase-ui-auth:7.2.0] AndroidManifest.xml:98:23-78
196            </intent-filter>
197        </activity>
198
199        <service
199-->[com.google.firebase:firebase-auth:21.0.1] AndroidManifest.xml:64:9-73:19
200            android:name="com.google.firebase.auth.api.fallback.service.FirebaseAuthFallbackService"
200-->[com.google.firebase:firebase-auth:21.0.1] AndroidManifest.xml:65:13-101
201            android:enabled="true"
201-->[com.google.firebase:firebase-auth:21.0.1] AndroidManifest.xml:66:13-35
202            android:exported="false" >
202-->[com.google.firebase:firebase-auth:21.0.1] AndroidManifest.xml:67:13-37
203            <intent-filter>
203-->[com.google.firebase:firebase-auth:21.0.1] AndroidManifest.xml:68:13-72:29
204                <action android:name="com.google.firebase.auth.api.gms.service.START" />
204-->[com.google.firebase:firebase-auth:21.0.1] AndroidManifest.xml:69:17-89
204-->[com.google.firebase:firebase-auth:21.0.1] AndroidManifest.xml:69:25-86
205
206                <category android:name="android.intent.category.DEFAULT" />
206-->[com.firebaseui:firebase-ui-auth:7.2.0] AndroidManifest.xml:95:17-76
206-->[com.firebaseui:firebase-ui-auth:7.2.0] AndroidManifest.xml:95:27-73
207            </intent-filter>
208        </service>
209
210        <provider
210-->[com.google.firebase:firebase-common:20.0.0] AndroidManifest.xml:26:9-31:39
211            android:name="com.google.firebase.provider.FirebaseInitProvider"
211-->[com.google.firebase:firebase-common:20.0.0] AndroidManifest.xml:27:13-77
212            android:authorities="my.gamekarimbull_cow.pharmacie.firebaseinitprovider"
212-->[com.google.firebase:firebase-common:20.0.0] AndroidManifest.xml:28:13-72
213            android:directBootAware="true"
213-->[com.google.firebase:firebase-common:20.0.0] AndroidManifest.xml:29:13-43
214            android:exported="false"
214-->[com.google.firebase:firebase-common:20.0.0] AndroidManifest.xml:30:13-37
215            android:initOrder="100" />
215-->[com.google.firebase:firebase-common:20.0.0] AndroidManifest.xml:31:13-36
216
217        <activity
217-->[com.google.android.gms:play-services-auth:19.0.0] AndroidManifest.xml:23:9-27:75
218            android:name="com.google.android.gms.auth.api.signin.internal.SignInHubActivity"
218-->[com.google.android.gms:play-services-auth:19.0.0] AndroidManifest.xml:24:13-93
219            android:excludeFromRecents="true"
219-->[com.google.android.gms:play-services-auth:19.0.0] AndroidManifest.xml:25:13-46
220            android:exported="false"
220-->[com.google.android.gms:play-services-auth:19.0.0] AndroidManifest.xml:26:13-37
221            android:theme="@android:style/Theme.Translucent.NoTitleBar" />
221-->[com.google.android.gms:play-services-auth:19.0.0] AndroidManifest.xml:27:13-72
222        <!--
223            Service handling Google Sign-In user revocation. For apps that do not integrate with
224            Google Sign-In, this service will never be started.
225        -->
226        <service
226-->[com.google.android.gms:play-services-auth:19.0.0] AndroidManifest.xml:33:9-37:51
227            android:name="com.google.android.gms.auth.api.signin.RevocationBoundService"
227-->[com.google.android.gms:play-services-auth:19.0.0] AndroidManifest.xml:34:13-89
228            android:exported="true"
228-->[com.google.android.gms:play-services-auth:19.0.0] AndroidManifest.xml:35:13-36
229            android:permission="com.google.android.gms.auth.api.signin.permission.REVOCATION_NOTIFICATION"
229-->[com.google.android.gms:play-services-auth:19.0.0] AndroidManifest.xml:36:13-107
230            android:visibleToInstantApps="true" />
230-->[com.google.android.gms:play-services-auth:19.0.0] AndroidManifest.xml:37:13-48
231
232        <activity
232-->[com.google.android.gms:play-services-base:17.1.0] AndroidManifest.xml:23:9-26:75
233            android:name="com.google.android.gms.common.api.GoogleApiActivity"
233-->[com.google.android.gms:play-services-base:17.1.0] AndroidManifest.xml:24:13-79
234            android:exported="false"
234-->[com.google.android.gms:play-services-base:17.1.0] AndroidManifest.xml:25:13-37
235            android:theme="@android:style/Theme.Translucent.NoTitleBar" />
235-->[com.google.android.gms:play-services-base:17.1.0] AndroidManifest.xml:26:13-72
236
237        <receiver
237-->[com.google.android.gms:play-services-measurement:20.1.0] AndroidManifest.xml:29:9-33:20
238            android:name="com.google.android.gms.measurement.AppMeasurementReceiver"
238-->[com.google.android.gms:play-services-measurement:20.1.0] AndroidManifest.xml:30:13-85
239            android:enabled="true"
239-->[com.google.android.gms:play-services-measurement:20.1.0] AndroidManifest.xml:31:13-35
240            android:exported="false" >
240-->[com.google.android.gms:play-services-measurement:20.1.0] AndroidManifest.xml:32:13-37
241        </receiver>
242
243        <service
243-->[com.google.android.gms:play-services-measurement:20.1.0] AndroidManifest.xml:35:9-38:40
244            android:name="com.google.android.gms.measurement.AppMeasurementService"
244-->[com.google.android.gms:play-services-measurement:20.1.0] AndroidManifest.xml:36:13-84
245            android:enabled="true"
245-->[com.google.android.gms:play-services-measurement:20.1.0] AndroidManifest.xml:37:13-35
246            android:exported="false" />
246-->[com.google.android.gms:play-services-measurement:20.1.0] AndroidManifest.xml:38:13-37
247        <service
247-->[com.google.android.gms:play-services-measurement:20.1.0] AndroidManifest.xml:39:9-43:72
248            android:name="com.google.android.gms.measurement.AppMeasurementJobService"
248-->[com.google.android.gms:play-services-measurement:20.1.0] AndroidManifest.xml:40:13-87
249            android:enabled="true"
249-->[com.google.android.gms:play-services-measurement:20.1.0] AndroidManifest.xml:41:13-35
250            android:exported="false"
250-->[com.google.android.gms:play-services-measurement:20.1.0] AndroidManifest.xml:42:13-37
251            android:permission="android.permission.BIND_JOB_SERVICE" />
251-->[com.google.android.gms:play-services-measurement:20.1.0] AndroidManifest.xml:43:13-69
252
253        <provider
253-->[androidx.emoji2:emoji2:1.0.0] AndroidManifest.xml:26:9-34:20
254            android:name="androidx.startup.InitializationProvider"
254-->[androidx.emoji2:emoji2:1.0.0] AndroidManifest.xml:27:13-67
255            android:authorities="my.gamekarimbull_cow.pharmacie.androidx-startup"
255-->[androidx.emoji2:emoji2:1.0.0] AndroidManifest.xml:28:13-68
256            android:exported="false" >
256-->[androidx.emoji2:emoji2:1.0.0] AndroidManifest.xml:29:13-37
257            <meta-data
257-->[androidx.emoji2:emoji2:1.0.0] AndroidManifest.xml:31:13-33:52
258                android:name="androidx.emoji2.text.EmojiCompatInitializer"
258-->[androidx.emoji2:emoji2:1.0.0] AndroidManifest.xml:32:17-75
259                android:value="androidx.startup" />
259-->[androidx.emoji2:emoji2:1.0.0] AndroidManifest.xml:33:17-49
260            <meta-data